<?xml version="1.0" encoding="UTF-8"?>
<!-- Generated by org.testng.reporters.JUnitReportReporter -->
<testsuite hostname="DESKTOP-KLEG3M2" failures="0" tests="17" name="signup.SignupUsabilityTests" time="17.278" errors="1" timestamp="2022-10-23T14:51:47 EET" skipped="15">
  <testcase classname="signup.SignupUsabilityTests" name="correctFirstNamePlaceholderDisplayed_when_navigateToRegistrationPage" time="11.220">
    <skipped/>
  </testcase> <!-- correctFirstNamePlaceholderDisplayed_when_navigateToRegistrationPage -->
  <system-out/>
  <testcase classname="signup.SignupUsabilityTests" name="confirmPasswordLabelDisplayed_when_navigateToRegistrationPage" time="6.057"/>
  <system-out/>
  <testcase classname="signup.SignupUsabilityTests" name="correctPasswordPlaceholderDisplayed_when_navigateToRegistrationPage" time="0.000">
    <skipped/>
  </testcase> <!-- correctPasswordPlaceholderDisplayed_when_navigateToRegistrationPage -->
  <system-out/>
  <testcase classname="signup.SignupUsabilityTests" name="correctTelephonePlaceholderDisplayed_when_navigateToRegistrationPage" time="0.000">
    <skipped/>
  </testcase> <!-- correctTelephonePlaceholderDisplayed_when_navigateToRegistrationPage -->
  <system-out/>
  <testcase classname="signup.SignupUsabilityTests" name="emailLabelDisplayed_when_navigateToRegistrationPage" time="0.000">
    <skipped/>
  </testcase> <!-- emailLabelDisplayed_when_navigateToRegistrationPage -->
  <system-out/>
  <testcase classname="signup.SignupUsabilityTests" name="correctConfirmPasswordPlaceholderDisplayed_when_navigateToRegistrationPage" time="0.000">
    <skipped/>
  </testcase> <!-- correctConfirmPasswordPlaceholderDisplayed_when_navigateToRegistrationPage -->
  <system-out/>
  <testcase classname="signup.SignupUsabilityTests" name="registerAccountTitleDisplayed_when_navigateToRegistrationPage" time="0.000">
    <skipped/>
  </testcase> <!-- registerAccountTitleDisplayed_when_navigateToRegistrationPage -->
  <system-out/>
  <testcase classname="signup.SignupUsabilityTests" name="telephoneLabelDisplayed_when_navigateToRegistrationPage" time="0.000">
    <skipped/>
  </testcase> <!-- telephoneLabelDisplayed_when_navigateToRegistrationPage -->
  <system-out/>
  <testcase classname="signup.SignupUsabilityTests" name="continueButtonNameCorrectly_when_navigateToRegistrationPage" time="0.000">
    <skipped/>
  </testcase> <!-- continueButtonNameCorrectly_when_navigateToRegistrationPage -->
  <system-out/>
  <testcase classname="signup.SignupUsabilityTests" name="firstNameLabelDisplayed_when_navigateToRegistrationPage" time="0.000">
    <skipped/>
  </testcase> <!-- firstNameLabelDisplayed_when_navigateToRegistrationPage -->
  <system-out/>
  <testcase classname="signup.SignupUsabilityTests" name="correctLoginLinkSet_when_navigateToRegistrationPage" time="0.000">
    <skipped/>
  </testcase> <!-- correctLoginLinkSet_when_navigateToRegistrationPage -->
  <system-out/>
  <testcase classname="signup.SignupUsabilityTests" name="tearDown" time="0.001">
    <error message="Cannot invoke &quot;java.util.List.iterator()&quot; because &quot;this.consoleMessages&quot; is null" type="java.lang.NullPointerException">
      <![CDATA[java.lang.NullPointerException: Cannot invoke "java.util.List.iterator()" because "this.consoleMessages" is null
at signup.SignupUsabilityTests.tearDown(SignupUsabilityTests.java:194)
at java.base/jdk.internal.reflect.NativeMethodAccessorImpl.invoke0(Native Method)
at java.base/jdk.internal.reflect.NativeMethodAccessorImpl.invoke(NativeMethodAccessorImpl.java:77)
at java.base/jdk.internal.reflect.DelegatingMethodAccessorImpl.invoke(DelegatingMethodAccessorImpl.java:43)
at java.base/java.lang.reflect.Method.invoke(Method.java:568)
at org.testng.internal.MethodInvocationHelper.invokeMethod(MethodInvocationHelper.java:133)
at org.testng.internal.MethodInvocationHelper.invokeMethodConsideringTimeout(MethodInvocationHelper.java:62)
at org.testng.internal.ConfigInvoker.invokeConfigurationMethod(ConfigInvoker.java:385)
at org.testng.internal.ConfigInvoker.invokeConfigurations(ConfigInvoker.java:321)
at org.testng.internal.TestInvoker.runConfigMethods(TestInvoker.java:700)
at org.testng.internal.TestInvoker.runAfterGroupsConfigurations(TestInvoker.java:676)
at org.testng.internal.TestInvoker.invokeMethod(TestInvoker.java:660)
at org.testng.internal.TestInvoker.invokeTestMethod(TestInvoker.java:173)
at org.testng.internal.MethodRunner.runInSequence(MethodRunner.java:46)
at org.testng.internal.TestInvoker$MethodInvocationAgent.invoke(TestInvoker.java:824)
at org.testng.internal.TestInvoker.invokeTestMethods(TestInvoker.java:146)
at org.testng.internal.TestMethodWorker.invokeTestMethods(TestMethodWorker.java:146)
at org.testng.internal.TestMethodWorker.run(TestMethodWorker.java:128)
at java.base/java.util.ArrayList.forEach(ArrayList.java:1511)
at org.testng.TestRunner.privateRun(TestRunner.java:794)
at org.testng.TestRunner.run(TestRunner.java:596)
at org.testng.SuiteRunner.runTest(SuiteRunner.java:377)
at org.testng.SuiteRunner.runSequentially(SuiteRunner.java:371)
at org.testng.SuiteRunner.privateRun(SuiteRunner.java:332)
at org.testng.SuiteRunner.run(SuiteRunner.java:276)
at org.testng.SuiteRunnerWorker.runSuite(SuiteRunnerWorker.java:53)
at org.testng.SuiteRunnerWorker.run(SuiteRunnerWorker.java:96)
at org.testng.TestNG.runSuitesSequentially(TestNG.java:1212)
at org.testng.TestNG.runSuitesLocally(TestNG.java:1134)
at org.testng.TestNG.runSuites(TestNG.java:1063)
at org.testng.TestNG.run(TestNG.java:1031)
at org.testng.remote.AbstractRemoteTestNG.run(AbstractRemoteTestNG.java:115)
at org.testng.remote.RemoteTestNG.initAndRun(RemoteTestNG.java:251)
at org.testng.remote.RemoteTestNG.main(RemoteTestNG.java:77)
]]>
    </error>
  </testcase> <!-- tearDown -->
  <system-out/>
  <testcase classname="signup.SignupUsabilityTests" name="correctLastNamePlaceholderDisplayed_when_navigateToRegistrationPage" time="0.000">
    <skipped/>
  </testcase> <!-- correctLastNamePlaceholderDisplayed_when_navigateToRegistrationPage -->
  <system-out/>
  <testcase classname="signup.SignupUsabilityTests" name="passwordLabelDisplayed_when_navigateToRegistrationPage" time="0.000">
    <skipped/>
  </testcase> <!-- passwordLabelDisplayed_when_navigateToRegistrationPage -->
  <system-out/>
  <testcase classname="signup.SignupUsabilityTests" name="lastNameLabelDisplayed_when_navigateToRegistrationPage" time="0.000">
    <skipped/>
  </testcase> <!-- lastNameLabelDisplayed_when_navigateToRegistrationPage -->
  <system-out/>
  <testcase classname="signup.SignupUsabilityTests" name="correctEmailPlaceholderDisplayed_when_navigateToRegistrationPage" time="0.000">
    <skipped/>
  </testcase> <!-- correctEmailPlaceholderDisplayed_when_navigateToRegistrationPage -->
  <system-out/>
  <testcase classname="signup.SignupUsabilityTests" name="correctPrivacyPolicyLinkSet_when_navigateToRegistrationPage" time="0.000">
    <skipped/>
  </testcase> <!-- correctPrivacyPolicyLinkSet_when_navigateToRegistrationPage -->
  <system-out/>
</testsuite> <!-- signup.SignupUsabilityTests -->
